JvmtiExport can_access_local_variables 0
JvmtiExport can_hotswap_or_post_breakpoint 0
JvmtiExport can_post_on_exceptions 0
# 624 ciObject found
ciMethod java/lang/Object <init> ()V 4097 1 3915909 0 0
ciMethod java/nio/Buffer checkIndex (I)I 2049 1 2467 0 0
ciMethodData java/lang/Object <init> ()V 2 3915985 orig 264 88 131 152 93 0 0 0 0 128 4 183 21 0 0 0 0 32 1 0 0 0 0 0 0 0 0 0 0 0 0 0 0 0 0 0 0 0 0 0 0 0 0 0 0 0 0 0 0 0 0 0 0 0 0 0 0 0 0 0 0 0 0 0 0 0 0 0 0 0 0 0 0 0 0 0 0 0 0 0 0 77 68 79 32 101 120 116 114 97 32 100 97 116 97 32 108 111 99 107 0 0 0 0 0 0 0 0 0 0 0 0 0 0 0 0 0 0 0 0 0 0 0 0 0 0 0 0 0 0 0 0 0 0 0 0 0 0 0 0 0 0 0 0 0 0 0 0 0 0 0 0 0 0 0 0 0 0 0 0 0 0 0 0 0 0 0 0 0 0 0 0 0 0 0 0 0 0 0 0 0 0 0 0 0 1 0 0 0 0 0 0 0 1 0 0 0 0 0 0 0 1 0 0 0 0 0 0 0 0 0 0 0 0 0 0 0 0 2 0 0 137 246 221 1 1 0 0 0 0 0 0 0 0 0 0 0 2 0 0 0 0 0 3 0 1 0 0 0 0 0 0 0 255 255 255 255 0 0 0 0 0 0 0 0 data 0 oops 0
ciMethod java/lang/AssertionError <init> ()V 0 0 1 0 -1
ciMethod java/lang/AssertionError <init> (Ljava/lang/Object;)V 0 0 1 0 -1
ciMethodData java/nio/Buffer checkIndex (I)I 2 2467 orig 264 88 131 152 93 0 0 0 0 216 95 192 21 0 0 0 0 120 1 0 0 32 0 0 0 0 0 0 0 0 0 0 0 0 0 0 0 0 0 0 0 0 0 0 0 0 0 0 0 0 0 0 0 0 0 0 0 0 0 0 0 0 0 0 0 0 0 0 0 0 0 0 0 0 0 0 0 0 0 0 0 77 68 79 32 101 120 116 114 97 32 100 97 116 97 32 108 111 99 107 0 0 0 0 0 0 0 0 0 0 0 0 0 0 0 0 0 0 0 0 0 0 0 0 0 0 0 0 0 0 0 0 0 0 0 0 0 0 0 0 0 0 0 0 0 0 0 0 0 0 0 0 0 0 0 0 0 0 0 0 0 0 0 0 0 0 0 0 0 0 0 0 0 0 0 0 0 0 0 0 0 0 0 0 0 0 0 0 0 0 0 0 0 0 0 0 0 0 0 0 0 0 0 0 0 0 0 0 0 0 0 0 0 0 0 0 0 0 1 0 0 25 69 0 0 1 0 0 0 0 0 0 0 0 0 0 0 2 0 0 0 0 0 8 0 2 0 0 0 80 0 0 0 255 255 255 255 7 0 1 0 0 0 0 0 data 10 0x10007 0x0 0x40 0x8a3 0x90007 0x8a3 0x30 0x0 0x100002 0x0 oops 0
ciMethod com/android/tools/r8/code/Instruction <init> (Lcom/android/tools/r8/code/BytecodeStream;)V 4097 1 8618 0 0
ciMethod com/android/tools/r8/code/Instruction readSigned8BitValue (Lcom/android/tools/r8/code/BytecodeStream;)B 121 1 35 0 0
ciMethod com/android/tools/r8/code/Instruction read8BitValue (Lcom/android/tools/r8/code/BytecodeStream;)S 4097 1 4484 0 0
ciMethod com/android/tools/r8/code/Instruction readSigned16BitValue (Lcom/android/tools/r8/code/BytecodeStream;)S 465 1 874 0 0
ciMethod com/android/tools/r8/code/Instruction read16BitValue (Lcom/android/tools/r8/code/BytecodeStream;)C 3609 1 12908 0 -1
ciMethod com/android/tools/r8/code/Instruction readSigned32BitValue (Lcom/android/tools/r8/code/BytecodeStream;)I 89 1 211 0 -1
ciMethod com/android/tools/r8/code/Instruction read64BitValue (Lcom/android/tools/r8/code/BytecodeStream;)J 937 1 5 0 -1
ciMethod com/android/tools/r8/code/MoveResult <init> (ILcom/android/tools/r8/code/BytecodeStream;)V 297 1 274 0 -1
ciMethod com/android/tools/r8/code/Format11x <init> (ILcom/android/tools/r8/code/BytecodeStream;)V 6857 1 2567 0 -1
ciMethod com/android/tools/r8/code/Base1Format <init> (Lcom/android/tools/r8/code/BytecodeStream;)V 2401 1 4454 0 0
ciMethod com/android/tools/r8/code/MoveResultWide <init> (ILcom/android/tools/r8/code/BytecodeStream;)V 25 1 29 0 -1
ciMethod com/android/tools/r8/code/MoveResultObject <init> (ILcom/android/tools/r8/code/BytecodeStream;)V 425 1 487 0 -1
ciMethod com/android/tools/r8/code/InvokeDirectRange <init> (ILcom/android/tools/r8/code/BytecodeStream;Lcom/android/tools/r8/graph/OffsetToObjectMapping;)V 6489 1 6 0 -1
ciMethod com/android/tools/r8/code/Format3rc <init> (ILcom/android/tools/r8/code/BytecodeStream;[Lcom/android/tools/r8/graph/IndexedDexItem;)V 11073 1 49 0 -1
ciMethod com/android/tools/r8/code/Base3Format <init> (Lcom/android/tools/r8/code/BytecodeStream;)V 1601 1 5276 0 -1
ciMethod com/android/tools/r8/code/InvokeDirect <init> (ILcom/android/tools/r8/code/BytecodeStream;Lcom/android/tools/r8/graph/OffsetToObjectMapping;)V 529 1 471 0 -1
ciMethod com/android/tools/r8/code/Format35c <init> (ILcom/android/tools/r8/code/BytecodeStream;[Lcom/android/tools/r8/graph/IndexedDexItem;)V 2001 1 3056 0 -1
ciMethod com/android/tools/r8/code/ReturnVoid <init> (ILcom/android/tools/r8/code/BytecodeStream;)V 481 1 484 0 -1
ciMethod com/android/tools/r8/code/Format10x <init> (ILcom/android/tools/r8/code/BytecodeStream;)V 505 1 890 0 -1
ciMethod com/android/tools/r8/code/ReturnObject <init> (ILcom/android/tools/r8/code/BytecodeStream;)V 265 1 246 0 -1
ciMethod com/android/tools/r8/code/Return <init> (ILcom/android/tools/r8/code/BytecodeStream;)V 161 1 146 0 -1
ciMethod com/android/tools/r8/code/ReturnWide <init> (ILcom/android/tools/r8/code/BytecodeStream;)V 2881 1 4 0 -1
ciMethod com/android/tools/r8/code/Goto <init> (ILcom/android/tools/r8/code/BytecodeStream;)V 201 1 163 0 -1
ciMethod com/android/tools/r8/code/Format10t <init> (ILcom/android/tools/r8/code/BytecodeStream;)V 209 1 380 0 -1
ciMethod com/android/tools/r8/code/FillArrayData <init> (ILcom/android/tools/r8/code/BytecodeStream;)V 9 1 1 0 -1
ciMethod com/android/tools/r8/code/Format31t <init> (ILcom/android/tools/r8/code/BytecodeStream;)V 9 1 2 0 -1
ciMethod com/android/tools/r8/code/InstanceOf <init> (ILcom/android/tools/r8/code/BytecodeStream;Lcom/android/tools/r8/graph/OffsetToObjectMapping;)V 10833 1 19 0 -1
ciMethod com/android/tools/r8/code/Format22c <init> (ILcom/android/tools/r8/code/BytecodeStream;[Lcom/android/tools/r8/graph/IndexedDexItem;)V 1193 1 1815 0 -1
ciMethod com/android/tools/r8/code/Base2Format <init> (Lcom/android/tools/r8/code/BytecodeStream;)V 2425 1 3432 0 0
ciMethod com/android/tools/r8/code/Nop <init> (ILcom/android/tools/r8/code/BytecodeStream;)V 2089 1 48 0 -1
ciMethod com/android/tools/r8/code/Nop create (ILcom/android/tools/r8/code/BytecodeStream;)Lcom/android/tools/r8/code/Nop; 25 1 17 0 -1
ciMethod com/android/tools/r8/code/Throw <init> (ILcom/android/tools/r8/code/BytecodeStream;)V 9 1 19 0 -1
ciMethod com/android/tools/r8/code/Const4 <init> (ILcom/android/tools/r8/code/BytecodeStream;)V 465 1 420 0 -1
ciMethod com/android/tools/r8/code/Format11n <init> (ILcom/android/tools/r8/code/BytecodeStream;)V 465 1 1018 0 -1
ciMethod com/android/tools/r8/code/Const16 <init> (ILcom/android/tools/r8/code/BytecodeStream;)V 33 1 137 0 -1
ciMethod com/android/tools/r8/code/Format21s <init> (ILcom/android/tools/r8/code/BytecodeStream;)V 41 1 288 0 -1
ciMethod com/android/tools/r8/code/ConstHigh16 <init> (ILcom/android/tools/r8/code/BytecodeStream;)V 9 1 14 0 -1
ciMethod com/android/tools/r8/code/Format21h <init> (ILcom/android/tools/r8/code/BytecodeStream;)V 9 1 49 0 -1
ciMethod com/android/tools/r8/code/Const <init> (ILcom/android/tools/r8/code/BytecodeStream;)V 81 1 25 0 -1
ciMethod com/android/tools/r8/code/Format31i <init> (ILcom/android/tools/r8/code/BytecodeStream;)V 81 1 30 0 -1
ciMethod com/android/tools/r8/code/Iput <init> (ILcom/android/tools/r8/code/BytecodeStream;Lcom/android/tools/r8/graph/OffsetToObjectMapping;)V 73 1 79 0 -1
ciMethod com/android/tools/r8/code/ConstWide16 <init> (ILcom/android/tools/r8/code/BytecodeStream;)V 9 1 6 0 -1
ciMethod com/android/tools/r8/code/IputWide <init> (ILcom/android/tools/r8/code/BytecodeStream;Lcom/android/tools/r8/graph/OffsetToObjectMapping;)V 4969 1 8 0 -1
ciMethod com/android/tools/r8/code/IputObject <init> (ILcom/android/tools/r8/code/BytecodeStream;Lcom/android/tools/r8/graph/OffsetToObjectMapping;)V 377 1 261 0 -1
ciMethod com/android/tools/r8/code/IputBoolean <init> (ILcom/android/tools/r8/code/BytecodeStream;Lcom/android/tools/r8/graph/OffsetToObjectMapping;)V 121 1 47 0 -1
ciMethod com/android/tools/r8/code/ConstWide <init> (ILcom/android/tools/r8/code/BytecodeStream;)V 937 1 2 0 -1
ciMethod com/android/tools/r8/code/Format51l <init> (ILcom/android/tools/r8/code/BytecodeStream;)V 937 1 4 0 -1
ciMethod com/android/tools/r8/code/Base5Format <init> (Lcom/android/tools/r8/code/BytecodeStream;)V 937 1 5 0 -1
ciMethod com/android/tools/r8/code/ConstString <init> (ILcom/android/tools/r8/code/BytecodeStream;Lcom/android/tools/r8/graph/OffsetToObjectMapping;)V 209 1 313 0 -1
ciMethod com/android/tools/r8/code/Format21c <init> (ILcom/android/tools/r8/code/BytecodeStream;[Lcom/android/tools/r8/graph/IndexedDexItem;)V 3033 1 1580 0 -1
ciMethod com/android/tools/r8/code/InvokeStatic <init> (ILcom/android/tools/r8/code/BytecodeStream;Lcom/android/tools/r8/graph/OffsetToObjectMapping;)V 417 1 232 0 -1
ciMethod com/android/tools/r8/code/NewArray <init> (ILcom/android/tools/r8/code/BytecodeStream;Lcom/android/tools/r8/graph/OffsetToObjectMapping;)V 33 1 34 0 -1
ciMethod com/android/tools/r8/code/Aput <init> (ILcom/android/tools/r8/code/BytecodeStream;)V 17 1 5 0 -1
ciMethod com/android/tools/r8/code/Format23x <init> (ILcom/android/tools/r8/code/BytecodeStream;)V 217 1 187 0 0
ciMethod com/android/tools/r8/code/AputObject <init> (ILcom/android/tools/r8/code/BytecodeStream;)V 41 1 113 0 -1
ciMethod com/android/tools/r8/code/AputBoolean <init> (ILcom/android/tools/r8/code/BytecodeStream;)V 153 1 1 0 -1
ciMethod com/android/tools/r8/code/SputObject <init> (ILcom/android/tools/r8/code/BytecodeStream;Lcom/android/tools/r8/graph/OffsetToObjectMapping;)V 97 1 142 0 -1
ciMethod com/android/tools/r8/code/SputBoolean <init> (ILcom/android/tools/r8/code/BytecodeStream;Lcom/android/tools/r8/graph/OffsetToObjectMapping;)V 0 0 1 0 -1
ciMethod com/android/tools/r8/code/PackedSwitchPayload <init> (ILcom/android/tools/r8/code/BytecodeStream;)V 121 1665 1 0 -1
ciMethod com/android/tools/r8/code/SwitchPayload <init> (ILcom/android/tools/r8/code/BytecodeStream;)V 1417 1 10 0 -1
ciMethod com/android/tools/r8/code/SparseSwitchPayload <init> (ILcom/android/tools/r8/code/BytecodeStream;)V 9 225 1 0 -1
ciMethod com/android/tools/r8/code/FillArrayDataPayload <init> (ILcom/android/tools/r8/code/BytecodeStream;)V 33 257 1 0 -1
ciMethod com/android/tools/r8/code/Iget <init> (ILcom/android/tools/r8/code/BytecodeStream;Lcom/android/tools/r8/graph/OffsetToObjectMapping;)V 9 1 61 0 -1
ciMethod com/android/tools/r8/code/IgetWide <init> (ILcom/android/tools/r8/code/BytecodeStream;Lcom/android/tools/r8/graph/OffsetToObjectMapping;)V 6385 1 2 0 -1
ciMethod com/android/tools/r8/code/IgetObject <init> (ILcom/android/tools/r8/code/BytecodeStream;Lcom/android/tools/r8/graph/OffsetToObjectMapping;)V 689 1 754 0 -1
ciMethod com/android/tools/r8/code/IgetBoolean <init> (ILcom/android/tools/r8/code/BytecodeStream;Lcom/android/tools/r8/graph/OffsetToObjectMapping;)V 57 1 36 0 -1
ciMethod com/android/tools/r8/code/InvokeVirtualRange <init> (ILcom/android/tools/r8/code/BytecodeStream;Lcom/android/tools/r8/graph/OffsetToObjectMapping;)V 17 1 10 0 -1
ciMethod com/android/tools/r8/code/InvokeVirtual <init> (ILcom/android/tools/r8/code/BytecodeStream;Lcom/android/tools/r8/graph/OffsetToObjectMapping;)V 993 1 859 0 -1
ciMethod com/android/tools/r8/code/CheckCast <init> (ILcom/android/tools/r8/code/BytecodeStream;Lcom/android/tools/r8/graph/OffsetToObjectMapping;)V 33 1 102 0 -1
ciMethod com/android/tools/r8/code/NewInstance <init> (ILcom/android/tools/r8/code/BytecodeStream;Lcom/android/tools/r8/graph/OffsetToObjectMapping;)V 185 1 256 0 -1
ciMethod com/android/tools/r8/code/InvokeSuper <init> (ILcom/android/tools/r8/code/BytecodeStream;Lcom/android/tools/r8/graph/OffsetToObjectMapping;)V 17 1 54 0 -1
ciMethod com/android/tools/r8/code/Sget <init> (ILcom/android/tools/r8/code/BytecodeStream;Lcom/android/tools/r8/graph/OffsetToObjectMapping;)V 65 1 46 0 -1
ciMethod com/android/tools/r8/code/SgetObject <init> (ILcom/android/tools/r8/code/BytecodeStream;Lcom/android/tools/r8/graph/OffsetToObjectMapping;)V 153 1 185 0 -1
ciMethod com/android/tools/r8/code/IfEqz <init> (ILcom/android/tools/r8/code/BytecodeStream;)V 241 1 251 0 -1
ciMethod com/android/tools/r8/code/Format21t <init> (ILcom/android/tools/r8/code/BytecodeStream;)V 281 1 613 0 -1
ciMethod com/android/tools/r8/code/IfLez <init> (ILcom/android/tools/r8/code/BytecodeStream;)V 0 0 1 0 -1
ciMethod com/android/tools/r8/code/IfNez <init> (ILcom/android/tools/r8/code/BytecodeStream;)V 41 1 91 0 -1
ciMethod com/android/tools/r8/code/IfEq <init> (ILcom/android/tools/r8/code/BytecodeStream;)V 89 1 40 0 -1
ciMethod com/android/tools/r8/code/Format22t <init> (ILcom/android/tools/r8/code/BytecodeStream;)V 153 1 246 0 -1
ciMethod com/android/tools/r8/code/IfGe <init> (ILcom/android/tools/r8/code/BytecodeStream;)V 25 1 8 0 -1
ciMethod com/android/tools/r8/code/IfGt <init> (ILcom/android/tools/r8/code/BytecodeStream;)V 2529 1 1 0 -1
ciMethod com/android/tools/r8/code/IfLe <init> (ILcom/android/tools/r8/code/BytecodeStream;)V 3145 1 1 0 -1
ciMethod com/android/tools/r8/code/IfLt <init> (ILcom/android/tools/r8/code/BytecodeStream;)V 33 1 9 0 -1
ciMethod com/android/tools/r8/code/IfNe <init> (ILcom/android/tools/r8/code/BytecodeStream;)V 9 1 32 0 -1
ciMethod com/android/tools/r8/code/Goto16 <init> (ILcom/android/tools/r8/code/BytecodeStream;)V 2049 1 1 0 -1
ciMethod com/android/tools/r8/code/Format20t <init> (ILcom/android/tools/r8/code/BytecodeStream;)V 2041 1 73 0 -1
ciMethod com/android/tools/r8/code/ConstClass <init> (ILcom/android/tools/r8/code/BytecodeStream;Lcom/android/tools/r8/graph/OffsetToObjectMapping;)V 9 1 23 0 -1
ciMethod com/android/tools/r8/code/InvokeInterfaceRange <init> (ILcom/android/tools/r8/code/BytecodeStream;Lcom/android/tools/r8/graph/OffsetToObjectMapping;)V 1129 1 3 0 -1
ciMethod com/android/tools/r8/code/InvokeInterface <init> (ILcom/android/tools/r8/code/BytecodeStream;Lcom/android/tools/r8/graph/OffsetToObjectMapping;)V 49 1 214 0 -1
ciMethod java/nio/ShortBuffer get (I)S 0 0 1 0 -1
ciMethod com/android/tools/r8/code/MoveException <init> (ILcom/android/tools/r8/code/BytecodeStream;)V 0 0 24 0 -1
ciMethod com/android/tools/r8/code/AddFloat2Addr <init> (ILcom/android/tools/r8/code/BytecodeStream;)V 49 1 6 0 0
ciMethod com/android/tools/r8/code/Format12x <init> (ILcom/android/tools/r8/code/BytecodeStream;)V 57 1 419 0 0
ciMethod com/android/tools/r8/code/AddInt2Addr <init> (ILcom/android/tools/r8/code/BytecodeStream;)V 25 1 11 0 0
ciMethod com/android/tools/r8/code/AddLong2Addr <init> (ILcom/android/tools/r8/code/BytecodeStream;)V 9 1 2 0 0
ciMethod com/android/tools/r8/code/Format22s <init> (ILcom/android/tools/r8/code/BytecodeStream;)V 65 1 10 0 0
ciMethod com/android/tools/r8/code/AddIntLit8 <init> (ILcom/android/tools/r8/code/BytecodeStream;)V 25 1 10 0 0
ciMethod com/android/tools/r8/code/Format22b <init> (ILcom/android/tools/r8/code/BytecodeStream;)V 121 1 34 0 0
ciMethod com/android/tools/r8/code/Aget <init> (ILcom/android/tools/r8/code/BytecodeStream;)V 25 1 3 0 -1
ciMethod com/android/tools/r8/code/AgetBoolean <init> (ILcom/android/tools/r8/code/BytecodeStream;)V 153 1 1 0 -1
ciMethod java/nio/HeapShortBuffer ix (I)I 4097 1 6314 0 0
ciMethod java/nio/HeapShortBuffer get (I)S 4097 1 6313 0 0
ciMethodData java/nio/HeapShortBuffer get (I)S 2 6313 orig 264 88 131 152 93 0 0 0 0 168 80 207 39 0 0 0 0 176 1 0 0 0 0 0 0 0 0 0 0 0 0 0 0 0 0 0 0 0 0 0 0 0 0 0 0 0 0 0 0 0 0 0 0 0 0 0 0 0 0 0 0 0 0 0 0 0 0 0 0 0 0 0 0 0 0 0 0 0 0 0 0 77 68 79 32 101 120 116 114 97 32 100 97 116 97 32 108 111 99 107 0 0 0 0 0 0 0 0 0 0 0 0 0 0 0 0 0 0 0 0 0 0 0 0 0 0 0 0 0 0 0 0 0 0 0 0 0 0 0 0 0 0 0 0 0 0 0 0 0 0 0 0 0 0 0 0 0 0 0 0 0 0 0 0 0 0 0 0 0 0 0 0 0 0 0 0 0 0 0 0 0 0 0 0 0 0 0 0 0 0 0 0 0 0 0 0 0 0 0 0 0 0 0 0 0 0 0 0 0 0 0 0 0 0 0 0 0 0 2 0 0 73 181 0 0 1 0 0 0 0 0 0 0 0 0 0 0 2 0 0 0 0 0 3 0 2 0 0 0 96 0 0 0 255 255 255 255 5 0 7 0 0 0 0 0 data 12 0x70005 0x37b 0x203af8c0 0x132e 0x0 0x0 0xa0005 0x0 0x203af8c0 0x16ab 0x0 0x0 oops 2